(---------------------------------------------------------------------)
(                                                                     )
(    QUICKPLACE LOG                                                   )
(                                                                     )
(    Drawing          : steppernug_interface.brd                      )
(    Software Version : 16.3S027                                      )
(    Date/Time        : Fri Jul 20 15:28:30 2012                      )
(                                                                     )
(---------------------------------------------------------------------)


State: Placing on side Top

         Placed symbol:  U6 / LM317/SO_1_SOIC8_LM317/SO / SOIC8 at (3233.00 4508.00)
         Placed symbol:  X2 / VERTCARDGUIDE_VERTCARDGUIDE_VER / VERTCARDGUIDE at (3366.00 4408.00)
         Placed symbol:  X3 / VERTCARDGUIDE_VERTCARDGUIDE_VER / VERTCARDGUIDE at (3849.00 4408.00)
         Placed symbol:  X4 / VERTCARDGUIDE_VERTCARDGUIDE_VER / VERTCARDGUIDE at (4332.00 4408.00)
         Placed symbol:  X5 / VERTCARDGUIDE_VERTCARDGUIDE_VER / VERTCARDGUIDE at (4815.00 4408.00)
         Placed symbol:  C41 / C_SMD_0603_CAP_2.2UF / SMD_0603_CAP at (5351.00 4429.00)
         Placed symbol:  C42 / C_SMD_0603_CAP_2.2UF / SMD_0603_CAP at (5465.00 4429.00)
         Placed symbol:  C17 / C_SMD_0603_CAP_2.2UF / SMD_0603_CAP at (5579.00 4429.00)
         Placed symbol:  C18 / C_SMD_0603_CAP_2.2UF / SMD_0603_CAP at (5693.00 4429.00)
         Placed symbol:  C19 / C_SMD_0603_CAP_2.2UF / SMD_0603_CAP at (5807.00 4429.00)
         Placed symbol:  C20 / C_SMD_0603_CAP_2.2UF / SMD_0603_CAP at (5921.00 4429.00)
         Placed symbol:  C21 / C_SMD_0603_CAP_2.2UF / SMD_0603_CAP at (6035.00 4429.00)
         Placed symbol:  C22 / C_SMD_0603_CAP_2.2UF / SMD_0603_CAP at (6149.00 4429.00)
         Placed symbol:  C23 / C_SMD_0603_CAP_2.2UF / SMD_0603_CAP at (6263.00 4429.00)
         Placed symbol:  C24 / C_SMD_0603_CAP_2.2UF / SMD_0603_CAP at (6377.00 4429.00)
         Placed symbol:  C25 / C_SMD_0603_CAP_2.2UF / SMD_0603_CAP at (6491.00 4429.00)
         Placed symbol:  C26 / C_SMD_0603_CAP_2.2UF / SMD_0603_CAP at (6605.00 4429.00)
         Placed symbol:  C27 / C_SMD_0603_CAP_2.2UF / SMD_0603_CAP at (6719.00 4429.00)
         Placed symbol:  C28 / C_SMD_0603_CAP_2.2UF / SMD_0603_CAP at (6833.00 4429.00)
         Placed symbol:  C29 / C_SMD_0603_CAP_2.2UF / SMD_0603_CAP at (6947.00 4429.00)
         Placed symbol:  C30 / C_SMD_0603_CAP_2.2UF / SMD_0603_CAP at (7061.00 4429.00)
         Placed symbol:  C31 / C_SMD_0603_CAP_2.2UF / SMD_0603_CAP at (7175.00 4429.00)
         Placed symbol:  C33 / C_SMD_0603_CAP_2.2UF / SMD_0603_CAP at (7289.00 4429.00)
         Placed symbol:  C32 / C_SMD_0603_CAP_2.2UF / SMD_0603_CAP at (7403.00 4429.00)
         Placed symbol:  C34 / C_SMD_0603_CAP_2.2UF / SMD_0603_CAP at (7517.00 4429.00)
         Placed symbol:  C35 / C_SMD_0603_CAP_2.2UF / SMD_0603_CAP at (7631.00 4429.00)
         Placed symbol:  C36 / C_SMD_0603_CAP_2.2UF / SMD_0603_CAP at (7745.00 4429.00)
         Placed symbol:  C37 / C_SMD_0603_CAP_2.2UF / SMD_0603_CAP at (7859.00 4429.00)
         Placed symbol:  C38 / C_SMD_0603_CAP_2.2UF / SMD_0603_CAP at (7973.00 4429.00)
         Placed symbol:  C39 / C_SMD_0603_CAP_2.2UF / SMD_0603_CAP at (8087.00 4429.00)
         Placed symbol:  C40 / C_SMD_0603_CAP_2.2UF / SMD_0603_CAP at (3161.00 5040.00)
         Placed symbol:  D2 / 1N6264/TO_0_SMD_0603_LED_1N6264 / SMD_0603_LED at (3275.00 5040.00)
         Placed symbol:  D4 / 1N6264/TO_0_SMD_0603_LED_1N6264 / SMD_0603_LED at (3389.00 5040.00)
         Placed symbol:  D5 / 1N6264/TO_0_SMD_0603_LED_1N6264 / SMD_0603_LED at (3503.00 5040.00)
         Placed symbol:  D6 / 1N6264/TO_0_SMD_0603_LED_1N6264 / SMD_0603_LED at (3617.00 5040.00)
         Placed symbol:  J6 / CON2_THRU_2PIN_TERMINAL_CON2 / THRU_2PIN_TERMINAL at (3874.85 5176.48)
         Placed symbol:  R32 / R_SMD_0603_RES_1K / SMD_0603_RES at (4137.70 5040.00)
         Placed symbol:  R33 / R_SMD_0603_RES_1K / SMD_0603_RES at (4261.70 5040.00)
         Placed symbol:  R23 / R_SMD_0603_RES_40 / SMD_0603_RES at (4385.70 5040.00)
         Placed symbol:  R24 / R_SMD_0603_RES_40 / SMD_0603_RES at (4509.70 5040.00)
         Placed symbol:  R25 / R_SMD_0603_RES_40 / SMD_0603_RES at (4633.70 5040.00)
         Placed symbol:  R26 / R_SMD_0603_RES_40 / SMD_0603_RES at (4757.70 5040.00)
         Placed symbol:  R27 / R_SMD_0603_RES_40 / SMD_0603_RES at (4881.70 5040.00)
         Placed symbol:  R30 / R_SMD_0603_RES_2.5K / SMD_0603_RES at (5005.70 5040.00)
         Placed symbol:  R31 / R_SMD_0603_RES_2.5K / SMD_0603_RES at (5129.70 5040.00)
         Placed symbol:  X1 / VERTCARDGUIDE_VERTCARDGUIDE_VER / VERTCARDGUIDE at (5195.70 5019.00)


Placed 46 of 46 applicable (46 total) symbols.

-----------------------------------------------------------------------

